Model: CNN
Dataset: subj
Found 10038 unique words (195442 in total)
Loading pretrained embeddings from wordvectors/glove.6B.300d.txt...
Found 2 unique named entity tags
Loaded 400000 pretrained embeddings.
Load Complete
Building Model............................................................................
CNN
Initial learning rate is: 0.0001
320 :  0.0433894937858
640 :  0.0432846413925
960 :  0.0431657938287
1280 :  0.0426970662549
1600 :  0.0422748398036
1920 :  0.0408310176805
2240 :  0.0371638430282
2560 :  0.0306587452069
2880 :  0.0278641361743
3200 :  0.0226029834244
3520 :  0.022886936646
3840 :  0.019137124531
4160 :  0.0199147297768
4480 :  0.0174322616076
4800 :  0.0201133295894
5120 :  0.0202593131922
5440 :  0.0187236861326
5760 :  0.018631458981
6080 :  0.0186291331891
6400 :  0.0169479841134
6720 :  0.0216946087778
7040 :  0.0183642073767
7360 :  0.0137505048886
7680 :  0.0219002285507
8000 :  0.0188420115621
********************************************************************************
Accuracy: 0.910625, Best Accuracy: 0.910625
********************************************************************************
********************************************************************************
Accuracy: 0.908000, Best Accuracy: 0.908000
********************************************************************************
********************************************************************************
Accuracy: 0.903000, Best Accuracy: 0.903000
********************************************************************************
********************************************************************************
Saving Best Weights
********************************************************************************
********************************************************************************
Epoch 1 Complete: Time Taken 4
8320 :  0.0137071979698
8640 :  0.0190710446332
8960 :  0.018347723363
9280 :  0.0172978557181
9600 :  0.0143212004448
9920 :  0.0122255590511
10240 :  0.0182070770068
10560 :  0.0151652715867
10880 :  0.0158292644774
11200 :  0.0154336387059
11520 :  0.0154482262791
11840 :  0.0155577164376
12160 :  0.0159182376694
12480 :  0.016496267193
12800 :  0.0157537213061
13120 :  0.012498194864
13440 :  0.0135111686075
13760 :  0.0137495676987
14080 :  0.0153034755262
14400 :  0.0134630948189
14720 :  0.0171452553361
15040 :  0.0119430784835
15360 :  0.0151127876947
15680 :  0.0127480129944
16000 :  0.0123076435761
********************************************************************************
Accuracy: 0.931625, Best Accuracy: 0.931625
********************************************************************************
********************************************************************************
Accuracy: 0.925000, Best Accuracy: 0.925000
********************************************************************************
********************************************************************************
Accuracy: 0.915000, Best Accuracy: 0.915000
********************************************************************************
********************************************************************************
Saving Best Weights
********************************************************************************
********************************************************************************
Epoch 2 Complete: Time Taken 3
16320 :  0.0137244765414
16640 :  0.0112112244009
16960 :  0.0142554439371
17280 :  0.0125890351832
17600 :  0.0125005728565
17920 :  0.0130898597767
18240 :  0.0153425797471
18560 :  0.0122870928491
18880 :  0.0139141957741
19200 :  0.0137363019399
19520 :  0.0126398077933
19840 :  0.0102394743706
20160 :  0.0126620545983
20480 :  0.0103123771725
20800 :  0.0145087165758
21120 :  0.0105459072511
21440 :  0.0153672400862
21760 :  0.0142466752324
22080 :  0.0105222802842
22400 :  0.013199715782
22720 :  0.0101113328128
23040 :  0.0129781350028
23360 :  0.0117537494982
23680 :  0.00949815524509
24000 :  0.0106420318829
********************************************************************************
Accuracy: 0.945500, Best Accuracy: 0.945500
********************************************************************************
********************************************************************************
Accuracy: 0.926000, Best Accuracy: 0.926000
********************************************************************************
********************************************************************************
Accuracy: 0.920000, Best Accuracy: 0.920000
********************************************************************************
********************************************************************************
Saving Best Weights
********************************************************************************
********************************************************************************
Epoch 3 Complete: Time Taken 3
24320 :  0.0105128728203
24640 :  0.0126082872681
24960 :  0.00829669586383
25280 :  0.00709100911627
25600 :  0.0138724112301
25920 :  0.00822706437903
26240 :  0.0114968848415
26560 :  0.0091763053555
26880 :  0.00986941882293
27200 :  0.00755500032101
27520 :  0.00845223183278
27840 :  0.012156797538
28160 :  0.00971209363779
28480 :  0.0116498038988
28800 :  0.00880938216578
29120 :  0.0117999284761
29440 :  0.0114744995022
29760 :  0.00982757788152
30080 :  0.0077785042231
30400 :  0.0107155168196
30720 :  0.00770021569915
31040 :  0.0102158891968
31360 :  0.00871877148747
31680 :  0.0116654651007
32000 :  0.0117007432273
********************************************************************************
Accuracy: 0.956375, Best Accuracy: 0.956375
********************************************************************************
********************************************************************************
Accuracy: 0.926000, Best Accuracy: 0.926000
********************************************************************************
********************************************************************************
Accuracy: 0.921000, Best Accuracy: 0.921000
********************************************************************************
********************************************************************************
Epoch 4 Complete: Time Taken 3
32320 :  0.00894875787199
32640 :  0.00514505372848
32960 :  0.00970132822404
33280 :  0.0076465117163
33600 :  0.00873508623336
33920 :  0.00829400128569
34240 :  0.00777009977028
34560 :  0.00963512969902
34880 :  0.00994155034423
35200 :  0.00552003143821
35520 :  0.00831837359583
35840 :  0.00738075565314
36160 :  0.0111956956913
36480 :  0.00898690465838
36800 :  0.00836748767179
37120 :  0.00830985595821
37440 :  0.00775450729998
37760 :  0.00712347633671
38080 :  0.00884322436759
38400 :  0.00667580169393
38720 :  0.00994552184129
39040 :  0.00981045909575
39360 :  0.00975408272352
39680 :  0.00845982225146
40000 :  0.00995509197237
********************************************************************************
Accuracy: 0.953500, Best Accuracy: 0.956375
********************************************************************************
********************************************************************************
Accuracy: 0.912000, Best Accuracy: 0.926000
********************************************************************************
********************************************************************************
Accuracy: 0.904000, Best Accuracy: 0.921000
********************************************************************************
********************************************************************************
Epoch 5 Complete: Time Taken 3
40320 :  0.00766686085844
40640 :  0.00881683243206
40960 :  0.0067556469352
41280 :  0.00342530968483
41600 :  0.00572859543609
41920 :  0.00614787224913
42240 :  0.00602147037862
42560 :  0.0066974890593
42880 :  0.00721388857928
43200 :  0.00526594634866
43520 :  0.00632408389938
43840 :  0.00474693603464
44160 :  0.00769821398426
44480 :  0.00852653015172
44800 :  0.00627444008132
45120 :  0.00522202113643
45440 :  0.00471304341918
45760 :  0.00863621243043
46080 :  0.00761149091413
46400 :  0.00420620942023
46720 :  0.00638667363673
47040 :  0.00540145678679
47360 :  0.00727524112444
47680 :  0.00620207369793
48000 :  0.00648767208913
********************************************************************************
Accuracy: 0.982875, Best Accuracy: 0.982875
********************************************************************************
********************************************************************************
Accuracy: 0.934000, Best Accuracy: 0.934000
********************************************************************************
********************************************************************************
Accuracy: 0.920000, Best Accuracy: 0.921000
********************************************************************************
********************************************************************************
Saving Best Weights
********************************************************************************
********************************************************************************
Epoch 6 Complete: Time Taken 3
48320 :  0.00242746173171
48640 :  0.00315910688951
48960 :  0.00563334713224
49280 :  0.00468318227795
49600 :  0.00590035200003
49920 :  0.00570094498107
50240 :  0.00342723587528
50560 :  0.00409148586332
50880 :  0.00384814972058
51200 :  0.00691074247588
51520 :  0.00533175228047
51840 :  0.00425333456369
52160 :  0.00398051425
52480 :  0.00517659723992
52800 :  0.00419949607458
53120 :  0.00528274130775
53440 :  0.00668021625606
53760 :  0.00524524773937
54080 :  0.00316738186521
54400 :  0.00325302223209
54720 :  0.00570885941852
55040 :  0.00579227619455
55360 :  0.00461774987634
55680 :  0.00375509714941
56000 :  0.00726838586852
********************************************************************************
Accuracy: 0.989000, Best Accuracy: 0.989000
********************************************************************************
********************************************************************************
Accuracy: 0.928000, Best Accuracy: 0.934000
********************************************************************************
********************************************************************************
Accuracy: 0.924000, Best Accuracy: 0.924000
********************************************************************************
********************************************************************************
Epoch 7 Complete: Time Taken 3
56320 :  0.00384236690006
56640 :  0.00370007015881
56960 :  0.0042229955201
57280 :  0.00232791837188
57600 :  0.00409221901209
57920 :  0.0053846975381
58240 :  0.00262434754695
58560 :  0.00523467403254
58880 :  0.00322174431058
59200 :  0.00443737365422
59520 :  0.00441449548816
59840 :  0.00228422608343
60160 :  0.00223658810137
60480 :  0.00250845463597
60800 :  0.00229735088651
61120 :  0.00307248655008
61440 :  0.00380403855816
61760 :  0.00384563165135
62080 :  0.0036326663394
62400 :  0.00202548493398
62720 :  0.00248150446569
63040 :  0.00411789948121
63360 :  0.00547853169264
63680 :  0.00333866741275
64000 :  0.00275009960169
********************************************************************************
Accuracy: 0.992250, Best Accuracy: 0.992250
********************************************************************************
********************************************************************************
Accuracy: 0.927000, Best Accuracy: 0.934000
********************************************************************************
********************************************************************************
Accuracy: 0.922000, Best Accuracy: 0.924000
********************************************************************************
********************************************************************************
Epoch 8 Complete: Time Taken 3
64320 :  0.00507326263469
64640 :  0.00201624914771
64960 :  0.00137188748922
65280 :  0.0022424827388
65600 :  0.00173626129981
65920 :  0.00134518099949
66240 :  0.00195625721826
66560 :  0.00230551842833
66880 :  0.00218969450798
67200 :  0.00279217388015
67520 :  0.00330869948375
67840 :  0.00248093312257
68160 :  0.00444396212697
68480 :  0.00254671400762
68800 :  0.00195900296094
69120 :  0.00131662155618
69440 :  0.0014701360662
69760 :  0.000872594988323
70080 :  0.00448389801022
70400 :  0.00263967206702
70720 :  0.00176817593165
71040 :  0.00477937079268
71360 :  0.00367896116804
71680 :  0.00205998740857
72000 :  0.00316345040919
********************************************************************************
Accuracy: 0.991875, Best Accuracy: 0.992250
********************************************************************************
********************************************************************************
Accuracy: 0.922000, Best Accuracy: 0.934000
********************************************************************************
********************************************************************************
Accuracy: 0.906000, Best Accuracy: 0.924000
********************************************************************************
********************************************************************************
Epoch 9 Complete: Time Taken 3
72320 :  0.00159405111917
72640 :  0.00266332343454
72960 :  0.00196025364567
73280 :  0.00233157805051
73600 :  0.00214693647576
73920 :  0.000951866951073
74240 :  0.00200049759587
74560 :  0.00190161956561
74880 :  0.00226724012755
75200 :  0.00165716658812
75520 :  0.00330094473902
75840 :  0.000898656487698
76160 :  0.00199929110822
76480 :  0.000978741538711
76800 :  0.000940799794625
77120 :  0.00140831002645
77440 :  0.00325776247773
77760 :  0.00240820353501
78080 :  0.00112975085503
78400 :  0.00232903736178
78720 :  0.00119690101128
79040 :  0.00187527832459
79360 :  0.00179045974219
79680 :  0.00223281816579
80000 :  0.00109120932175
********************************************************************************
Accuracy: 0.996125, Best Accuracy: 0.996125
********************************************************************************
********************************************************************************
Accuracy: 0.931000, Best Accuracy: 0.934000
********************************************************************************
********************************************************************************
Accuracy: 0.916000, Best Accuracy: 0.924000
********************************************************************************
********************************************************************************
Epoch 10 Complete: Time Taken 3
80320 :  0.000532716629095
80640 :  0.00050293430977
80960 :  0.000853552017361
81280 :  0.00180535328691
81600 :  0.00226963409223
81920 :  0.0017099399236
82240 :  0.00127955506323
82560 :  0.000640031433431
82880 :  0.000941707682796
83200 :  0.00311787220417
83520 :  0.000529106066097
83840 :  0.0010180395504
84160 :  0.0006956175901
84480 :  0.00234354641871
84800 :  0.000922420842107
85120 :  0.00106143427547
85440 :  0.000863682094496
85760 :  0.000764722423628
86080 :  0.000438298203517
86400 :  0.000863170728553
86720 :  0.0011056166084
87040 :  0.00146845984855
87360 :  0.00069061939721
87680 :  0.000623923056992
88000 :  0.00172530136188
********************************************************************************
Accuracy: 0.996500, Best Accuracy: 0.996500
********************************************************************************
********************************************************************************
Accuracy: 0.924000, Best Accuracy: 0.934000
********************************************************************************
********************************************************************************
Accuracy: 0.907000, Best Accuracy: 0.924000
********************************************************************************
********************************************************************************
Epoch 11 Complete: Time Taken 3
88320 :  0.000772542419145
88640 :  0.00151694267406
88960 :  0.00119267184637
89280 :  0.00167503842385
89600 :  0.00050600139075
89920 :  0.000677946751239
90240 :  0.00176238704007
90560 :  0.00047133785265
90880 :  0.000522173487116
91200 :  0.00328449595254
91520 :  0.000638184841955
91840 :  0.00093491874286
92160 :  0.00102441754425
92480 :  0.000566574404365
92800 :  0.000389940303285
93120 :  0.00148719806166
93440 :  0.000940067792544
93760 :  0.00152686174843
94080 :  0.00100030347239
94400 :  0.000890507624717
94720 :  0.00187323090504
95040 :  0.0008361214248
95360 :  0.000522730602825
95680 :  0.00181958708563
96000 :  0.000586183986161
********************************************************************************
Accuracy: 0.995750, Best Accuracy: 0.996500
********************************************************************************
********************************************************************************
Accuracy: 0.917000, Best Accuracy: 0.934000
********************************************************************************
********************************************************************************
Accuracy: 0.908000, Best Accuracy: 0.924000
********************************************************************************
********************************************************************************
Epoch 12 Complete: Time Taken 3
96320 :  0.000375295057893
96640 :  0.00046376362443
96960 :  0.000246980739757
97280 :  0.000712854514131
97600 :  0.000617119445815
97920 :  0.000449790694984
98240 :  0.00101983030327
98560 :  0.0011178123299
98880 :  0.00111338431016
99200 :  0.000758301303722
99520 :  0.000263992289547
99840 :  0.000874353357358
100160 :  0.00143338578637
100480 :  0.00104904113105
100800 :  0.00132611536537
101120 :  0.00322370074573
101440 :  0.000595679244725
101760 :  0.000500441144686
102080 :  0.000813342363108
102400 :  0.000453407946043
102720 :  0.000542740488891
103040 :  0.00252160328673
103360 :  0.000678216747474
103680 :  0.000443387858104
104000 :  0.000596117891837
********************************************************************************
Accuracy: 0.998875, Best Accuracy: 0.998875
********************************************************************************
********************************************************************************
Accuracy: 0.918000, Best Accuracy: 0.934000
********************************************************************************
********************************************************************************
Accuracy: 0.922000, Best Accuracy: 0.924000
********************************************************************************
********************************************************************************
Epoch 13 Complete: Time Taken 3
104320 :  0.000237010928686
104640 :  0.000389552651905
104960 :  0.000670877867378
105280 :  0.00032576926169
105600 :  0.000248207664117
105920 :  0.000801145739388
106240 :  0.000210328926914
106560 :  9.70692024566e-05
106880 :  0.00129444806371
107200 :  0.000600754190236
107520 :  0.000296192296082
107840 :  0.000329772225814
108160 :  0.000411201792303
108480 :  0.000818560749758
108800 :  0.000594542978797
109120 :  0.000508151331451
109440 :  0.000266755092889
109760 :  0.000639561959542
110080 :  0.000239383766893
110400 :  0.000413441821001
110720 :  0.0025813903485
111040 :  0.000270418563741
111360 :  0.000538420234807
111680 :  0.000404406388407
112000 :  0.000241242902121
********************************************************************************
Accuracy: 0.999375, Best Accuracy: 0.999375
********************************************************************************
********************************************************************************
Accuracy: 0.924000, Best Accuracy: 0.934000
********************************************************************************
********************************************************************************
Accuracy: 0.916000, Best Accuracy: 0.924000
********************************************************************************
********************************************************************************
Epoch 14 Complete: Time Taken 3
112320 :  0.000177091168007
112640 :  0.000969955953769
112960 :  0.00148806639481
113280 :  0.000466748100007
113600 :  0.000548712257296
113920 :  0.000337105622748
114240 :  8.34186910652e-05
114560 :  0.00023529038881
114880 :  6.58858683892e-05
115200 :  0.000208147405647
115520 :  0.000726466625929
115840 :  0.000206367310602
116160 :  0.000128008588217
116480 :  0.000333932694048
116800 :  0.000268866098486
117120 :  0.00064363500569
117440 :  0.000146166956984
117760 :  0.000445153261535
118080 :  0.00038783053169
118400 :  0.000198611849919
118720 :  0.00100652540568
119040 :  0.000655603944324
119360 :  0.000771201436874
119680 :  0.000401355273789
120000 :  0.000409779301845
********************************************************************************
Accuracy: 0.998500, Best Accuracy: 0.999375
********************************************************************************
********************************************************************************
Accuracy: 0.923000, Best Accuracy: 0.934000
********************************************************************************
********************************************************************************
Accuracy: 0.915000, Best Accuracy: 0.924000
********************************************************************************
********************************************************************************
Epoch 15 Complete: Time Taken 3
120320 :  0.000104110245593
120640 :  0.000258213590132
120960 :  0.000929242861457
121280 :  0.000178553920705
121600 :  0.000119926064508
121920 :  5.70491771214e-05
122240 :  7.53378029913e-05
122560 :  0.000203809011145
122880 :  5.39271859452e-05
123200 :  0.000115184660535
123520 :  7.78268324211e-05
123840 :  0.000344513250457
124160 :  0.000292123679537
124480 :  0.000902306637727
124800 :  0.000337466155179
125120 :  0.000391946203308
125440 :  5.20549481735e-05
125760 :  0.000226754619507
126080 :  0.000414093962172
126400 :  0.000174442271236
126720 :  9.41651058383e-05
127040 :  0.000152437917131
127360 :  0.000441252056044
127680 :  0.000102910294663
128000 :  0.000127757454175
********************************************************************************
Accuracy: 0.999875, Best Accuracy: 0.999875
********************************************************************************
********************************************************************************
Accuracy: 0.919000, Best Accuracy: 0.934000
********************************************************************************
********************************************************************************
Accuracy: 0.907000, Best Accuracy: 0.924000
********************************************************************************
********************************************************************************
Epoch 16 Complete: Time Taken 3
128320 :  0.00094191696262
128640 :  0.000427456200123
128960 :  0.000219110923354
129280 :  0.000209962856025
129600 :  0.000554421741981
129920 :  0.000105018159957
130240 :  0.000237810320687
130560 :  3.6583817564e-05
130880 :  0.0006019708846
131200 :  0.000346620386699
131520 :  0.00121505988063
131840 :  0.000124699843582
132160 :  0.000226768304128
132480 :  0.000358597759623
132800 :  0.0003566948144
133120 :  0.000257696164772
133440 :  0.000192624103511
133760 :  0.000185453530867
134080 :  5.38260210305e-05
134400 :  4.85818833113e-05
134720 :  6.02628279012e-05
135040 :  0.000107804825166
135360 :  0.000258709467016
135680 :  0.000120563944802
136000 :  0.000489202770405
********************************************************************************
Accuracy: 0.999500, Best Accuracy: 0.999875
********************************************************************************
********************************************************************************
Accuracy: 0.924000, Best Accuracy: 0.934000
********************************************************************************
********************************************************************************
Accuracy: 0.913000, Best Accuracy: 0.924000
********************************************************************************
********************************************************************************
Epoch 17 Complete: Time Taken 3
136320 :  5.29252924025e-05
136640 :  2.31198500842e-05
136960 :  9.16194869205e-05
137280 :  0.00025545519311
137600 :  0.000127306615468
137920 :  0.000696395117848
138240 :  0.0001235484262
138560 :  0.000139441809733
138880 :  6.08996720985e-05
139200 :  0.000207936379593
139520 :  0.000178615783807
139840 :  9.66117950156e-05
140160 :  0.000116548140068
140480 :  3.61073296517e-05
140800 :  0.000151286344044
141120 :  0.00042843389092
141440 :  0.000111435505096
141760 :  8.66028480232e-05
142080 :  7.86226286436e-05
142400 :  3.78905097023e-05
142720 :  4.57201967947e-05
143040 :  0.000161081569968
143360 :  0.000594079773873
143680 :  0.000353230495239
144000 :  0.000165657396428
********************************************************************************
Accuracy: 1.000000, Best Accuracy: 1.000000
********************************************************************************
********************************************************************************
Accuracy: 0.924000, Best Accuracy: 0.934000
********************************************************************************
********************************************************************************
Accuracy: 0.914000, Best Accuracy: 0.924000
********************************************************************************
********************************************************************************
Epoch 18 Complete: Time Taken 3
144320 :  4.49955579825e-05
144640 :  3.49734909832e-05
144960 :  0.000931929901708
145280 :  0.000481723627308
145600 :  0.000163286516909
145920 :  5.20359957591e-05
146240 :  2.43456568569e-05
146560 :  0.000247317622416
146880 :  6.2409817474e-05
147200 :  5.78844803385e-05
147520 :  2.37242202275e-05
147840 :  7.55740446039e-05
148160 :  2.10467260331e-05
148480 :  4.39809868112e-05
148800 :  0.000115548062604
149120 :  4.52588777989e-05
149440 :  2.63154273853e-05
149760 :  0.000115232809912
150080 :  0.00135286051664
150400 :  0.000279283430427
150720 :  3.90096800402e-05
151040 :  5.36085339263e-05
151360 :  7.40342307836e-05
151680 :  0.00148771787062
152000 :  0.00111241034465
********************************************************************************
Accuracy: 1.000000, Best Accuracy: 1.000000
********************************************************************************
********************************************************************************
Accuracy: 0.922000, Best Accuracy: 0.934000
********************************************************************************
********************************************************************************
Accuracy: 0.913000, Best Accuracy: 0.924000
********************************************************************************
********************************************************************************
Epoch 19 Complete: Time Taken 3
152320 :  0.000245104520582
152640 :  0.000410772266332
152960 :  5.51304314286e-05
153280 :  0.00066205994226
153600 :  0.000241617154097
153920 :  0.000180033803917
154240 :  9.94895235635e-05
154560 :  9.22601204365e-05
154880 :  2.42062378675e-05
155200 :  0.000100695772562
155520 :  9.69451153651e-05
155840 :  4.59420261905e-05
156160 :  0.000141328037716
156480 :  8.96848854609e-05
156800 :  0.000302826851839
157120 :  0.0019953597337
157440 :  0.000296233862173
157760 :  2.20778922085e-05
158080 :  1.55922956765e-05
158400 :  8.57449660543e-05
158720 :  1.09310261905e-05
159040 :  0.000980995269492
159360 :  3.3425912261e-05
159680 :  0.000217997160507
160000 :  0.000380516855512
********************************************************************************
Accuracy: 1.000000, Best Accuracy: 1.000000
********************************************************************************
********************************************************************************
Accuracy: 0.927000, Best Accuracy: 0.934000
********************************************************************************
********************************************************************************
Accuracy: 0.912000, Best Accuracy: 0.924000
********************************************************************************
********************************************************************************
Epoch 20 Complete: Time Taken 3
