Model: CNN
Dataset: mareview
Found 9758 unique words (202057 in total)
Loading pretrained embeddings from wordvectors/glove.6B.300d.txt...
Found 2 unique named entity tags
Loaded 400000 pretrained embeddings.
Load Complete
Building Model............................................................................
CNN
Initial learning rate is: 0.001
1000 :  0.0138409557939
2000 :  0.0136512642503
3000 :  0.0122835712135
4000 :  0.0113626629412
5000 :  0.0100196279287
6000 :  0.00923881706595
7000 :  0.0103001759052
8000 :  0.00961435714364
9000 :  0.0094949798882
********************************************************************************
Accuracy: 0.835970, Best Accuracy: 0.835970
********************************************************************************
********************************************************************************
Accuracy: 0.803605, Best Accuracy: 0.803605
********************************************************************************
********************************************************************************
Accuracy: 0.803605, Best Accuracy: 0.803605
********************************************************************************
********************************************************************************
Saving Best Weights
********************************************************************************
********************************************************************************
Epoch 1 Complete: Time Taken 4
9958 :  0.0108895342126
10958 :  0.00776912675798
11958 :  0.00877164050937
12958 :  0.00760750509799
13958 :  0.00798402139544
14958 :  0.00763734477758
15958 :  0.0079194611907
16958 :  0.00813909131289
17916 :  0.00997002857178
18916 :  0.00727407567203
********************************************************************************
Accuracy: 0.917777, Best Accuracy: 0.917777
********************************************************************************
********************************************************************************
Accuracy: 0.820683, Best Accuracy: 0.820683
********************************************************************************
********************************************************************************
Accuracy: 0.820683, Best Accuracy: 0.820683
********************************************************************************
********************************************************************************
Saving Best Weights
********************************************************************************
********************************************************************************
Epoch 2 Complete: Time Taken 4
19916 :  0.0053064135164
20916 :  0.00443538951874
21916 :  0.00485772839189
22916 :  0.00503193993866
23874 :  0.00558719183505
24874 :  0.00531450332701
25874 :  0.00505499587953
26874 :  0.00485297801346
27874 :  0.00531752761453
********************************************************************************
Accuracy: 0.958160, Best Accuracy: 0.958160
********************************************************************************
********************************************************************************
Accuracy: 0.804554, Best Accuracy: 0.820683
********************************************************************************
********************************************************************************
Accuracy: 0.804554, Best Accuracy: 0.820683
********************************************************************************
********************************************************************************
Epoch 3 Complete: Time Taken 4
28874 :  0.00478133271635
29874 :  0.00234689152613
30874 :  0.00262616493646
31874 :  0.00274457366765
32874 :  0.00234608995169
33874 :  0.00317145657539
34874 :  0.00325781922787
35874 :  0.00285597135872
36832 :  0.00588467539474
37832 :  0.0032851030156
********************************************************************************
Accuracy: 0.978351, Best Accuracy: 0.978351
********************************************************************************
********************************************************************************
Accuracy: 0.804554, Best Accuracy: 0.820683
********************************************************************************
********************************************************************************
Accuracy: 0.804554, Best Accuracy: 0.820683
********************************************************************************
********************************************************************************
Epoch 4 Complete: Time Taken 3
38832 :  0.00255425764434
39832 :  0.00155857099406
40832 :  0.00129203263856
41832 :  0.00120045569912
42790 :  0.00130362691917
43790 :  0.00201318703592
44790 :  0.00229927990586
45790 :  0.00178980014659
46790 :  0.00203944281116
47790 :  0.00181017132476
********************************************************************************
Accuracy: 0.987927, Best Accuracy: 0.987927
********************************************************************************
********************************************************************************
Accuracy: 0.796015, Best Accuracy: 0.820683
********************************************************************************
********************************************************************************
Accuracy: 0.796015, Best Accuracy: 0.820683
********************************************************************************
********************************************************************************
Epoch 5 Complete: Time Taken 3
48790 :  0.00116528154258
49790 :  0.000779862091877
50790 :  0.000937357981922
51790 :  0.00088181183394
52790 :  0.00135957197752
53748 :  0.00274916508049
54748 :  0.00125787272304
55748 :  0.00109250058699
56748 :  0.000853710442316
********************************************************************************
Accuracy: 0.989072, Best Accuracy: 0.989072
********************************************************************************
********************************************************************************
Accuracy: 0.796015, Best Accuracy: 0.820683
********************************************************************************
********************************************************************************
Accuracy: 0.796015, Best Accuracy: 0.820683
********************************************************************************
********************************************************************************
Epoch 6 Complete: Time Taken 3
57748 :  0.0012941364022
58748 :  0.000549562058877
59748 :  0.000908324849792
60748 :  0.000545131340623
61748 :  0.00124682618491
62748 :  0.000673934460152
63706 :  0.00101982852677
64706 :  0.00139586799126
65706 :  0.00113439003564
66706 :  0.000704607833643
********************************************************************************
Accuracy: 0.992818, Best Accuracy: 0.992818
********************************************************************************
********************************************************************************
Accuracy: 0.793169, Best Accuracy: 0.820683
********************************************************************************
********************************************************************************
Accuracy: 0.793169, Best Accuracy: 0.820683
********************************************************************************
********************************************************************************
Epoch 7 Complete: Time Taken 4
67706 :  0.000835104790691
68706 :  0.000543134341715
69706 :  0.0003935786027
70706 :  0.000579079590854
71706 :  0.000627294798964
72664 :  0.000556269677123
73664 :  0.000907407701481
74664 :  0.000938669083174
75664 :  0.000754925862886
76664 :  0.000989848069497
********************************************************************************
Accuracy: 0.995525, Best Accuracy: 0.995525
********************************************************************************
********************************************************************************
Accuracy: 0.794118, Best Accuracy: 0.820683
********************************************************************************
********************************************************************************
Accuracy: 0.794118, Best Accuracy: 0.820683
********************************************************************************
********************************************************************************
Epoch 8 Complete: Time Taken 3
77664 :  0.000450461343222
78664 :  0.000277582141338
79622 :  0.000390583371453
80622 :  0.000292453026981
81622 :  0.000275370982359
82622 :  0.000508827561571
83622 :  0.000800697081606
84622 :  0.000492336461321
85622 :  0.000340982352791
********************************************************************************
Accuracy: 0.996045, Best Accuracy: 0.996045
********************************************************************************
********************************************************************************
Accuracy: 0.790323, Best Accuracy: 0.820683
********************************************************************************
********************************************************************************
Accuracy: 0.790323, Best Accuracy: 0.820683
********************************************************************************
********************************************************************************
Epoch 9 Complete: Time Taken 4
86622 :  0.000365316624171
87622 :  0.000566119200143
88622 :  0.000461007662583
89622 :  0.000731998469215
90622 :  0.000470350716496
91622 :  0.000561961213374
92622 :  0.000501853976428
93622 :  0.000926826718263
94580 :  0.0011255847665
95580 :  0.00118721933383
********************************************************************************
Accuracy: 0.994380, Best Accuracy: 0.996045
********************************************************************************
********************************************************************************
Accuracy: 0.788425, Best Accuracy: 0.820683
********************************************************************************
********************************************************************************
Accuracy: 0.788425, Best Accuracy: 0.820683
********************************************************************************
********************************************************************************
Epoch 10 Complete: Time Taken 4
96580 :  0.000579718278197
97538 :  0.000368556649832
98538 :  0.000688516269205
99538 :  0.000452569758287
100538 :  0.0003078687425
101538 :  0.000176749734572
102538 :  0.000379203712371
103538 :  0.000311853119929
104538 :  0.000314629563945
105538 :  0.000759869690577
********************************************************************************
Accuracy: 0.994276, Best Accuracy: 0.996045
********************************************************************************
********************************************************************************
Accuracy: 0.782732, Best Accuracy: 0.820683
********************************************************************************
********************************************************************************
Accuracy: 0.782732, Best Accuracy: 0.820683
********************************************************************************
********************************************************************************
Epoch 11 Complete: Time Taken 3
106538 :  0.000282548616582
107538 :  0.000701322452398
108538 :  0.000315506635867
109496 :  0.000659148547333
110496 :  0.000609685069066
111496 :  0.000480995548773
112496 :  0.000399817184196
113496 :  0.000525872092228
114496 :  0.000464964131446
********************************************************************************
Accuracy: 0.997294, Best Accuracy: 0.997294
********************************************************************************
********************************************************************************
Accuracy: 0.781784, Best Accuracy: 0.820683
********************************************************************************
********************************************************************************
Accuracy: 0.781784, Best Accuracy: 0.820683
********************************************************************************
********************************************************************************
Epoch 12 Complete: Time Taken 4
115496 :  0.000441067960812
116496 :  0.000761051243746
117496 :  0.000592482033127
118496 :  0.000624859300646
119454 :  0.000702396157198
120454 :  0.000425565743732
121454 :  0.000211587566737
122454 :  0.000289436697902
123454 :  0.000277814620611
124454 :  0.000569038950605
********************************************************************************
Accuracy: 0.996357, Best Accuracy: 0.997294
********************************************************************************
********************************************************************************
Accuracy: 0.786528, Best Accuracy: 0.820683
********************************************************************************
********************************************************************************
Accuracy: 0.786528, Best Accuracy: 0.820683
********************************************************************************
********************************************************************************
Epoch 13 Complete: Time Taken 3
125454 :  0.000209411169199
126454 :  0.000101510779714
127454 :  0.000114241760602
128454 :  0.000122375709856
129454 :  0.000315606680277
130454 :  0.000292689290305
131454 :  0.000211131702221
132454 :  0.000229688247928
133412 :  0.000223256616298
134412 :  0.000198174462468
********************************************************************************
Accuracy: 0.995941, Best Accuracy: 0.997294
********************************************************************************
********************************************************************************
Accuracy: 0.791271, Best Accuracy: 0.820683
********************************************************************************
********************************************************************************
Accuracy: 0.791271, Best Accuracy: 0.820683
********************************************************************************
********************************************************************************
Epoch 14 Complete: Time Taken 3
135412 :  0.000300654430101
136412 :  0.000127952866431
137412 :  0.000141011693268
138412 :  0.000258955572805
139370 :  0.000208470460806
140370 :  0.00037685042237
141370 :  0.00057247108192
142370 :  0.0003684098878
143370 :  0.000398924531357
********************************************************************************
Accuracy: 0.997710, Best Accuracy: 0.997710
********************************************************************************
********************************************************************************
Accuracy: 0.793169, Best Accuracy: 0.820683
********************************************************************************
********************************************************************************
Accuracy: 0.793169, Best Accuracy: 0.820683
********************************************************************************
********************************************************************************
Epoch 15 Complete: Time Taken 4
144370 :  0.000191951785411
145370 :  0.000216609068753
146370 :  0.000193338001867
147370 :  0.000211419999785
148370 :  0.000464930643488
149370 :  0.000285890524301
150328 :  0.000155430630115
151328 :  0.000401880865822
152328 :  0.000249123508562
153328 :  0.000431672520019
********************************************************************************
Accuracy: 0.998647, Best Accuracy: 0.998647
********************************************************************************
********************************************************************************
Accuracy: 0.790323, Best Accuracy: 0.820683
********************************************************************************
********************************************************************************
Accuracy: 0.790323, Best Accuracy: 0.820683
********************************************************************************
********************************************************************************
Epoch 16 Complete: Time Taken 3
154328 :  0.000188085853413
155286 :  0.000166105140059
156286 :  0.000488214003326
157286 :  0.000312777345913
158286 :  0.000590515879798
159286 :  0.000629532153078
160286 :  0.000288108015353
161286 :  0.000480693651712
162286 :  0.00032349403439
163286 :  0.000353562680582
********************************************************************************
Accuracy: 0.998647, Best Accuracy: 0.998647
********************************************************************************
********************************************************************************
Accuracy: 0.787476, Best Accuracy: 0.820683
********************************************************************************
********************************************************************************
Accuracy: 0.787476, Best Accuracy: 0.820683
********************************************************************************
********************************************************************************
Epoch 17 Complete: Time Taken 3
164286 :  0.000255586826257
165286 :  0.000221764092628
166286 :  0.000248992555404
167286 :  0.000440558430671
168286 :  0.000431579534285
169286 :  0.000791643870238
170286 :  0.000771798930131
171244 :  0.000785005201586
172244 :  0.000329784412992
********************************************************************************
Accuracy: 0.998127, Best Accuracy: 0.998647
********************************************************************************
********************************************************************************
Accuracy: 0.795066, Best Accuracy: 0.820683
********************************************************************************
********************************************************************************
Accuracy: 0.795066, Best Accuracy: 0.820683
********************************************************************************
********************************************************************************
Epoch 18 Complete: Time Taken 3
173244 :  0.000211419464962
174244 :  0.000150469999455
175244 :  0.000161013278863
176202 :  2.43855528897e-05
177202 :  0.000101405542991
178202 :  8.47698946509e-05
179202 :  0.000545785352599
180202 :  0.000246000418131
181202 :  0.0002285186671
182202 :  0.000469462792227
********************************************************************************
Accuracy: 0.997606, Best Accuracy: 0.998647
********************************************************************************
********************************************************************************
Accuracy: 0.792220, Best Accuracy: 0.820683
********************************************************************************
********************************************************************************
Accuracy: 0.792220, Best Accuracy: 0.820683
********************************************************************************
********************************************************************************
Epoch 19 Complete: Time Taken 3
183202 :  0.001424857462
184202 :  0.000296427916168
185202 :  0.000252133575399
186202 :  0.000298859764356
187202 :  0.000270354197768
188202 :  0.000282629974739
189202 :  0.000555029594805
190160 :  0.000262628878583
191160 :  0.000332786034181
192160 :  0.000318191421029
********************************************************************************
Accuracy: 0.996253, Best Accuracy: 0.998647
********************************************************************************
********************************************************************************
Accuracy: 0.783681, Best Accuracy: 0.820683
********************************************************************************
********************************************************************************
Accuracy: 0.783681, Best Accuracy: 0.820683
********************************************************************************
********************************************************************************
Epoch 20 Complete: Time Taken 3
