Model: CNN
Dataset: trec
Found 3480 unique words (55635 in total)
Loading pretrained embeddings from wordvectors/glove.6B.300d.txt...
Found 6 unique named entity tags
Loaded 400000 pretrained embeddings.
Load Complete
Building Model............................................................................
CNN
Initial learning rate is: 0.001
1000 :  0.0336099119186
1952 :  0.062844420433
2952 :  0.027564848423
3952 :  0.0229836378098
4952 :  0.0195514988303
********************************************************************************
Accuracy: 0.780814, Best Accuracy: 0.780814
********************************************************************************
********************************************************************************
Accuracy: 0.788000, Best Accuracy: 0.788000
********************************************************************************
********************************************************************************
Accuracy: 0.788000, Best Accuracy: 0.788000
********************************************************************************
********************************************************************************
Saving Best Weights
********************************************************************************
********************************************************************************
Epoch 1 Complete: Time Taken 1
5952 :  0.0155392916799
6952 :  0.0121038816571
7952 :  0.0108394620717
8952 :  0.0105023075938
9952 :  0.0100028864443
10904 :  0.0291189056933
********************************************************************************
Accuracy: 0.894351, Best Accuracy: 0.894351
********************************************************************************
********************************************************************************
Accuracy: 0.874000, Best Accuracy: 0.874000
********************************************************************************
********************************************************************************
Accuracy: 0.874000, Best Accuracy: 0.874000
********************************************************************************
********************************************************************************
Saving Best Weights
********************************************************************************
********************************************************************************
Epoch 2 Complete: Time Taken 1
11856 :  0.00794674158096
12856 :  0.00687547056377
13856 :  0.00642174232006
14856 :  0.00605475451052
15856 :  0.00740227738023
********************************************************************************
Accuracy: 0.940756, Best Accuracy: 0.940756
********************************************************************************
********************************************************************************
Accuracy: 0.904000, Best Accuracy: 0.904000
********************************************************************************
********************************************************************************
Accuracy: 0.904000, Best Accuracy: 0.904000
********************************************************************************
********************************************************************************
Saving Best Weights
********************************************************************************
********************************************************************************
Epoch 3 Complete: Time Taken 1
16856 :  0.00538063631952
17856 :  0.00369570565969
18856 :  0.00445898329467
19856 :  0.00421771894395
20808 :  0.0122109610215
21808 :  0.00450448985398
********************************************************************************
Accuracy: 0.968635, Best Accuracy: 0.968635
********************************************************************************
********************************************************************************
Accuracy: 0.902000, Best Accuracy: 0.904000
********************************************************************************
********************************************************************************
Accuracy: 0.902000, Best Accuracy: 0.904000
********************************************************************************
********************************************************************************
Epoch 4 Complete: Time Taken 1
22808 :  0.00260827587545
23760 :  0.00281351369061
24760 :  0.00290962875634
25760 :  0.00253100761585
26760 :  0.00274476714339
********************************************************************************
Accuracy: 0.980924, Best Accuracy: 0.980924
********************************************************************************
********************************************************************************
Accuracy: 0.914000, Best Accuracy: 0.914000
********************************************************************************
********************************************************************************
Accuracy: 0.914000, Best Accuracy: 0.914000
********************************************************************************
********************************************************************************
Saving Best Weights
********************************************************************************
********************************************************************************
Epoch 5 Complete: Time Taken 1
27760 :  0.0027648435235
28760 :  0.00160787501372
29760 :  0.00220172056928
30760 :  0.0021391548384
31760 :  0.00210165979713
32712 :  0.0124514232255
********************************************************************************
Accuracy: 0.985326, Best Accuracy: 0.985326
********************************************************************************
********************************************************************************
Accuracy: 0.908000, Best Accuracy: 0.914000
********************************************************************************
********************************************************************************
Accuracy: 0.908000, Best Accuracy: 0.914000
********************************************************************************
********************************************************************************
Epoch 6 Complete: Time Taken 1
33712 :  0.00174400348775
34712 :  0.00153943707887
35712 :  0.0011425966192
36664 :  0.00137192485388
37664 :  0.00122131717065
********************************************************************************
Accuracy: 0.988995, Best Accuracy: 0.988995
********************************************************************************
********************************************************************************
Accuracy: 0.894000, Best Accuracy: 0.914000
********************************************************************************
********************************************************************************
Accuracy: 0.894000, Best Accuracy: 0.914000
********************************************************************************
********************************************************************************
Epoch 7 Complete: Time Taken 1
38664 :  0.00141022866778
39664 :  0.00138147745281
40664 :  0.00141247386043
41664 :  0.00147533160402
42664 :  0.00197202117741
43616 :  0.00178944885172
********************************************************************************
Accuracy: 0.992296, Best Accuracy: 0.992296
********************************************************************************
********************************************************************************
Accuracy: 0.906000, Best Accuracy: 0.914000
********************************************************************************
********************************************************************************
Accuracy: 0.906000, Best Accuracy: 0.914000
********************************************************************************
********************************************************************************
Epoch 8 Complete: Time Taken 1
44616 :  0.00126300321054
45616 :  0.00112677323539
46616 :  0.00135793112358
47616 :  0.000905058204196
48568 :  0.0982320344211
********************************************************************************
Accuracy: 0.991563, Best Accuracy: 0.992296
********************************************************************************
********************************************************************************
Accuracy: 0.918000, Best Accuracy: 0.918000
********************************************************************************
********************************************************************************
Accuracy: 0.918000, Best Accuracy: 0.918000
********************************************************************************
********************************************************************************
Saving Best Weights
********************************************************************************
********************************************************************************
Epoch 9 Complete: Time Taken 1
49568 :  0.000894168517319
50568 :  0.000949138090713
51568 :  0.000942243279889
52520 :  0.00103380386811
53520 :  0.0012326254244
54520 :  0.000975762208458
********************************************************************************
Accuracy: 0.991379, Best Accuracy: 0.992296
********************************************************************************
********************************************************************************
Accuracy: 0.918000, Best Accuracy: 0.918000
********************************************************************************
********************************************************************************
Accuracy: 0.918000, Best Accuracy: 0.918000
********************************************************************************
********************************************************************************
Epoch 10 Complete: Time Taken 1
