Model: CNN
Dataset: subj
Found 10038 unique words (195442 in total)
Loading pretrained embeddings from wordvectors/glove.6B.300d.txt...
Found 2 unique named entity tags
Loaded 400000 pretrained embeddings.
Load Complete
Building Model............................................................................
CNN
Initial learning rate is: 0.0001
320 :  0.0433894937858
640 :  0.0432846413925
960 :  0.0431657949463
1280 :  0.042696406506
1600 :  0.0422710832208
1920 :  0.040807409212
2240 :  0.0371397951618
2560 :  0.0306215087883
2880 :  0.0278640315868
3200 :  0.0225964917801
3520 :  0.0228970903438
3840 :  0.0191138685681
4160 :  0.0199229895836
4480 :  0.0174556247424
4800 :  0.0200889915694
5120 :  0.020241021039
5440 :  0.018746769568
5760 :  0.018624065537
6080 :  0.0186530690407
6400 :  0.01692456319
6720 :  0.0217076173751
7040 :  0.0183927209117
7360 :  0.0137824827572
7680 :  0.0218782711891
8000 :  0.0188509571482
********************************************************************************
Accuracy: 0.910500, Best Accuracy: 0.910500
********************************************************************************
********************************************************************************
Accuracy: 0.908000, Best Accuracy: 0.908000
********************************************************************************
********************************************************************************
Accuracy: 0.902000, Best Accuracy: 0.902000
********************************************************************************
********************************************************************************
Saving Best Weights
********************************************************************************
********************************************************************************
Epoch 1 Complete: Time Taken 5
8320 :  0.0137172759743
8640 :  0.0190382989123
8960 :  0.0183283164166
9280 :  0.0172704315744
9600 :  0.0143142521731
9920 :  0.0121903523803
10240 :  0.0182057708967
10560 :  0.015157046495
10880 :  0.0158396800398
11200 :  0.0154558631009
11520 :  0.0154815069051
11840 :  0.0155729112914
12160 :  0.0159097698983
12480 :  0.0164843269158
12800 :  0.0157602586783
13120 :  0.0125100818696
13440 :  0.0135225126171
13760 :  0.0138009591727
14080 :  0.0153661428951
14400 :  0.0134667112259
14720 :  0.0171910199453
15040 :  0.0119484044728
15360 :  0.0151372466004
15680 :  0.0127970188623
16000 :  0.0122921674512
********************************************************************************
Accuracy: 0.930750, Best Accuracy: 0.930750
********************************************************************************
********************************************************************************
Accuracy: 0.924000, Best Accuracy: 0.924000
********************************************************************************
********************************************************************************
Accuracy: 0.916000, Best Accuracy: 0.916000
********************************************************************************
********************************************************************************
Saving Best Weights
********************************************************************************
********************************************************************************
Epoch 2 Complete: Time Taken 5
16320 :  0.0137303340132
16640 :  0.0112026631017
16960 :  0.0141584670171
17280 :  0.0125961768674
17600 :  0.0124728661496
17920 :  0.0130784614827
18240 :  0.0153424117714
18560 :  0.0123371896334
18880 :  0.0138928917935
19200 :  0.0136849336559
19520 :  0.012611279788
19840 :  0.0102288951632
20160 :  0.0126494296594
20480 :  0.010287001438
20800 :  0.0145269005327
21120 :  0.0105807225569
21440 :  0.0153105764999
21760 :  0.0142357076518
22080 :  0.0105328368722
22400 :  0.0131955371588
22720 :  0.0100646617007
23040 :  0.0130138908047
23360 :  0.0117080937373
23680 :  0.00952123370953
24000 :  0.0105807105661
********************************************************************************
Accuracy: 0.945500, Best Accuracy: 0.945500
********************************************************************************
********************************************************************************
Accuracy: 0.922000, Best Accuracy: 0.924000
********************************************************************************
********************************************************************************
Accuracy: 0.923000, Best Accuracy: 0.923000
********************************************************************************
********************************************************************************
Epoch 3 Complete: Time Taken 5
24320 :  0.0104601883213
24640 :  0.0125574835751
24960 :  0.00830225817626
25280 :  0.00710632452974
25600 :  0.0138908910332
25920 :  0.00825754899415
26240 :  0.0115649620886
26560 :  0.00917968087597
26880 :  0.00987131480942
27200 :  0.00756069311174
27520 :  0.00852635561023
27840 :  0.0121389066102
28160 :  0.00972155848285
28480 :  0.0115731842583
28800 :  0.00880138560897
29120 :  0.0117633986054
29440 :  0.0115358002018
29760 :  0.00987092969008
30080 :  0.00783737472957
30400 :  0.0106694674701
30720 :  0.00774323054939
31040 :  0.0102264572633
31360 :  0.00868370399112
31680 :  0.0117722169671
32000 :  0.0117026120308
********************************************************************************
Accuracy: 0.956875, Best Accuracy: 0.956875
********************************************************************************
********************************************************************************
Accuracy: 0.926000, Best Accuracy: 0.926000
********************************************************************************
********************************************************************************
Accuracy: 0.921000, Best Accuracy: 0.923000
********************************************************************************
********************************************************************************
Saving Best Weights
********************************************************************************
********************************************************************************
Epoch 4 Complete: Time Taken 5
32320 :  0.00893704397604
32640 :  0.00507748586824
32960 :  0.00973096791422
33280 :  0.0076424791012
33600 :  0.00883625947172
33920 :  0.00828580996022
34240 :  0.00779494640883
34560 :  0.00974608790129
34880 :  0.00999183917884
35200 :  0.00550514011411
35520 :  0.00833259226056
35840 :  0.00733970121946
36160 :  0.0112292335136
36480 :  0.00905505797127
36800 :  0.00837897033198
37120 :  0.00839709263528
37440 :  0.00777858491056
37760 :  0.00706649490166
38080 :  0.0088282943354
38400 :  0.00665880232118
38720 :  0.0100600448088
39040 :  0.00984005696373
39360 :  0.00979874941986
39680 :  0.00856855906313
40000 :  0.00996111109853
********************************************************************************
Accuracy: 0.954125, Best Accuracy: 0.956875
********************************************************************************
********************************************************************************
Accuracy: 0.911000, Best Accuracy: 0.926000
********************************************************************************
********************************************************************************
Accuracy: 0.904000, Best Accuracy: 0.923000
********************************************************************************
********************************************************************************
Epoch 5 Complete: Time Taken 4
40320 :  0.00763086525258
40640 :  0.00889684333233
40960 :  0.00670101919677
41280 :  0.00352701115771
41600 :  0.00575374471955
41920 :  0.00623106971034
42240 :  0.00607034538989
42560 :  0.00665475834394
42880 :  0.00726705564302
43200 :  0.00525504457473
43520 :  0.00640508999932
43840 :  0.00474969015922
44160 :  0.00771303903311
44480 :  0.00835460051894
44800 :  0.00617381742923
45120 :  0.00515886748908
45440 :  0.00473814881407
45760 :  0.00866453117924
46080 :  0.00774846032728
46400 :  0.0042428497225
46720 :  0.0063640296692
47040 :  0.00537113446626
47360 :  0.00729251395096
47680 :  0.0062208733405
48000 :  0.00655439295806
********************************************************************************
Accuracy: 0.982125, Best Accuracy: 0.982125
********************************************************************************
********************************************************************************
Accuracy: 0.934000, Best Accuracy: 0.934000
********************************************************************************
********************************************************************************
Accuracy: 0.922000, Best Accuracy: 0.923000
********************************************************************************
********************************************************************************
Saving Best Weights
********************************************************************************
********************************************************************************
Epoch 6 Complete: Time Taken 4
48320 :  0.00245936131687
48640 :  0.00316500763292
48960 :  0.00569644984207
49280 :  0.00481852318044
49600 :  0.0059613522084
49920 :  0.00572153901448
50240 :  0.00340522120823
50560 :  0.00405188850709
50880 :  0.00382234681747
51200 :  0.00689148382517
51520 :  0.00547265694477
51840 :  0.00423424550099
52160 :  0.00405329897767
52480 :  0.00538833452156
52800 :  0.00413826340227
53120 :  0.0052108938864
53440 :  0.00659575454774
53760 :  0.00520199493039
54080 :  0.00301239125547
54400 :  0.00318055622629
54720 :  0.00587088332977
55040 :  0.00574214749504
55360 :  0.00464865941321
55680 :  0.00363871804439
56000 :  0.00738184622023
********************************************************************************
Accuracy: 0.989000, Best Accuracy: 0.989000
********************************************************************************
********************************************************************************
Accuracy: 0.928000, Best Accuracy: 0.934000
********************************************************************************
********************************************************************************
Accuracy: 0.925000, Best Accuracy: 0.925000
********************************************************************************
********************************************************************************
Epoch 7 Complete: Time Taken 4
56320 :  0.00381578868837
56640 :  0.00374555477174
56960 :  0.00427892117877
57280 :  0.002361135924
57600 :  0.00421878199559
57920 :  0.00537180958781
58240 :  0.00262222617457
58560 :  0.00525931480806
58880 :  0.00324819041416
59200 :  0.00445040553459
59520 :  0.00451045952505
59840 :  0.0022549135494
60160 :  0.00224223286496
60480 :  0.00248051934759
60800 :  0.00238733816077
61120 :  0.00298170808819
61440 :  0.00379871065961
61760 :  0.00396363766631
62080 :  0.00354532157071
62400 :  0.00215832981048
62720 :  0.00244372109883
63040 :  0.00404471874645
63360 :  0.00530992137501
63680 :  0.00330138821155
64000 :  0.00269074441167
********************************************************************************
Accuracy: 0.992250, Best Accuracy: 0.992250
********************************************************************************
********************************************************************************
Accuracy: 0.925000, Best Accuracy: 0.934000
********************************************************************************
********************************************************************************
Accuracy: 0.922000, Best Accuracy: 0.925000
********************************************************************************
********************************************************************************
Epoch 8 Complete: Time Taken 4
64320 :  0.00501054432825
64640 :  0.00192349932622
64960 :  0.00132117453904
65280 :  0.0023862614471
65600 :  0.00169622774119
65920 :  0.00140344834072
66240 :  0.00206147145946
66560 :  0.00246853370918
66880 :  0.00230981239583
67200 :  0.00284049878828
67520 :  0.00339791916776
67840 :  0.00258751432411
68160 :  0.00437232599943
68480 :  0.00261027578381
68800 :  0.00193672018941
69120 :  0.00133283346659
69440 :  0.00138637062628
69760 :  0.000908484030515
70080 :  0.00473042247468
70400 :  0.00267634278862
70720 :  0.00175163253734
71040 :  0.00480316059547
71360 :  0.00386256932397
71680 :  0.00194990751334
72000 :  0.0032966593164
********************************************************************************
Accuracy: 0.991500, Best Accuracy: 0.992250
********************************************************************************
********************************************************************************
Accuracy: 0.923000, Best Accuracy: 0.934000
********************************************************************************
********************************************************************************
Accuracy: 0.906000, Best Accuracy: 0.925000
********************************************************************************
********************************************************************************
Epoch 9 Complete: Time Taken 4
72320 :  0.00174593826523
72640 :  0.00268778677564
72960 :  0.00210728703532
73280 :  0.00221572156879
73600 :  0.00207606468466
73920 :  0.000913351523923
74240 :  0.00199475734262
74560 :  0.00188501567754
74880 :  0.00253678943263
75200 :  0.00175921697519
75520 :  0.00321802585386
75840 :  0.000872983131558
76160 :  0.00210038641235
76480 :  0.00108337624115
76800 :  0.00100817405328
77120 :  0.0012945912662
77440 :  0.00311980961706
77760 :  0.00230065399082
78080 :  0.00118026428099
78400 :  0.00229942463338
78720 :  0.00112303674687
79040 :  0.00209550014697
79360 :  0.00178398936987
79680 :  0.00229152161628
80000 :  0.00120736228419
********************************************************************************
Accuracy: 0.995375, Best Accuracy: 0.995375
********************************************************************************
********************************************************************************
Accuracy: 0.930000, Best Accuracy: 0.934000
********************************************************************************
********************************************************************************
Accuracy: 0.915000, Best Accuracy: 0.925000
********************************************************************************
********************************************************************************
Epoch 10 Complete: Time Taken 4
80320 :  0.000608141114935
80640 :  0.00057896317594
80960 :  0.000908967864234
81280 :  0.00190039945301
81600 :  0.00245113805286
81920 :  0.00177018188406
82240 :  0.0012141920568
82560 :  0.000702726561576
82880 :  0.00101830809726
83200 :  0.00308366260142
83520 :  0.000454037736927
83840 :  0.000816233811202
84160 :  0.000702128082048
84480 :  0.00237945695408
84800 :  0.00117104520323
85120 :  0.00115642530145
85440 :  0.000903792685131
85760 :  0.000880780466832
86080 :  0.000459871534258
86400 :  0.000999240181409
86720 :  0.00108733046509
87040 :  0.00169099137129
87360 :  0.000652754248586
87680 :  0.000854589079972
88000 :  0.0018576281087
********************************************************************************
Accuracy: 0.997125, Best Accuracy: 0.997125
********************************************************************************
********************************************************************************
Accuracy: 0.922000, Best Accuracy: 0.934000
********************************************************************************
********************************************************************************
Accuracy: 0.914000, Best Accuracy: 0.925000
********************************************************************************
********************************************************************************
Epoch 11 Complete: Time Taken 4
88320 :  0.00073228093097
88640 :  0.00160793792456
88960 :  0.00107672264567
89280 :  0.00167675560224
89600 :  0.00053545581759
89920 :  0.000645875034388
90240 :  0.0019345206907
90560 :  0.000448751798831
90880 :  0.000538140139543
91200 :  0.00319096957101
91520 :  0.000662145583192
91840 :  0.000921085459413
92160 :  0.0010104912275
92480 :  0.000598947904655
92800 :  0.000359624571865
93120 :  0.00156358659733
93440 :  0.000863782025408
93760 :  0.00118963214918
94080 :  0.00106933712959
94400 :  0.00092800265702
94720 :  0.0018535768555
95040 :  0.000858806027099
95360 :  0.000430880783824
95680 :  0.00168948582723
96000 :  0.000650387670612
********************************************************************************
Accuracy: 0.995500, Best Accuracy: 0.997125
********************************************************************************
********************************************************************************
Accuracy: 0.915000, Best Accuracy: 0.934000
********************************************************************************
********************************************************************************
Accuracy: 0.907000, Best Accuracy: 0.925000
********************************************************************************
********************************************************************************
Epoch 12 Complete: Time Taken 4
96320 :  0.000390279549174
96640 :  0.000426305644214
96960 :  0.000247902720002
97280 :  0.000666997215012
97600 :  0.000546614616178
97920 :  0.000392542692134
98240 :  0.000671623949893
98560 :  0.00147191938013
98880 :  0.000989842240233
99200 :  0.000638633815106
99520 :  0.000189961877186
99840 :  0.000682246743236
100160 :  0.00146433110349
100480 :  0.00107649369747
100800 :  0.00173936648061
101120 :  0.00378547920845
101440 :  0.000711338732071
101760 :  0.000408185913693
102080 :  0.000788828998338
102400 :  0.00057066725567
102720 :  0.000451414799318
103040 :  0.00250400438672
103360 :  0.000768239091849
103680 :  0.000442603521515
104000 :  0.000579054420814
********************************************************************************
Accuracy: 0.999125, Best Accuracy: 0.999125
********************************************************************************
********************************************************************************
Accuracy: 0.921000, Best Accuracy: 0.934000
********************************************************************************
********************************************************************************
Accuracy: 0.922000, Best Accuracy: 0.925000
********************************************************************************
********************************************************************************
Epoch 13 Complete: Time Taken 4
104320 :  0.000234206172172
104640 :  0.000423630326986
104960 :  0.000511017069221
105280 :  0.000210627377965
105600 :  0.000216857495252
105920 :  0.000878052297048
106240 :  0.000199611342396
106560 :  9.26892738789e-05
106880 :  0.00129803299205
107200 :  0.000517863307323
107520 :  0.000308111147024
107840 :  0.000321827639709
108160 :  0.00051822460955
108480 :  0.00110723866965
108800 :  0.000697460176889
109120 :  0.000568028207636
109440 :  0.000310015602736
109760 :  0.000525716564152
110080 :  0.000199260486988
110400 :  0.000222001317888
110720 :  0.00243981168023
111040 :  0.000254573056009
111360 :  0.000568573188502
111680 :  0.000375543546397
112000 :  0.000251191761345
********************************************************************************
Accuracy: 0.999500, Best Accuracy: 0.999500
********************************************************************************
********************************************************************************
Accuracy: 0.920000, Best Accuracy: 0.934000
********************************************************************************
********************************************************************************
Accuracy: 0.917000, Best Accuracy: 0.925000
********************************************************************************
********************************************************************************
Epoch 14 Complete: Time Taken 4
112320 :  0.00020815707976
112640 :  0.000702857231954
112960 :  0.000462508952478
113280 :  0.000325886887731
113600 :  0.000625089899404
113920 :  0.000420657516224
114240 :  6.87288236804e-05
114560 :  0.000273235479835
114880 :  8.54707992403e-05
115200 :  0.000200868479442
115520 :  0.000542537029833
115840 :  0.000210693734698
116160 :  9.97513532639e-05
116480 :  0.000383511757536
116800 :  0.000459275278263
117120 :  0.000708191999001
117440 :  0.000231591600459
117760 :  0.000227256061044
118080 :  0.00013893643918
118400 :  0.000621118873823
118720 :  0.00101324501447
119040 :  0.00136197877873
119360 :  0.000790582445916
119680 :  0.000464306795038
120000 :  0.000133206835017
********************************************************************************
Accuracy: 0.999500, Best Accuracy: 0.999500
********************************************************************************
********************************************************************************
Accuracy: 0.922000, Best Accuracy: 0.934000
********************************************************************************
********************************************************************************
Accuracy: 0.921000, Best Accuracy: 0.925000
********************************************************************************
********************************************************************************
Epoch 15 Complete: Time Taken 4
120320 :  8.42009671032e-05
120640 :  5.70493517444e-05
120960 :  0.000565652665682
121280 :  0.000173638586421
121600 :  0.000102622818667
121920 :  6.83140475303e-05
122240 :  7.76131404564e-05
122560 :  0.000267869466916
122880 :  4.45657758974e-05
123200 :  8.83696702658e-05
123520 :  0.000231892993907
123840 :  0.000329506045091
124160 :  0.00031449815724
124480 :  0.000857012881897
124800 :  0.000383248766593
125120 :  0.000498145600432
125440 :  6.46645319648e-05
125760 :  0.000259971845662
126080 :  8.10488360003e-05
126400 :  0.000170699041337
126720 :  7.33605120331e-05
127040 :  0.00012725078559
127360 :  0.000322349451017
127680 :  6.14302232862e-05
128000 :  0.00020289523527
********************************************************************************
Accuracy: 0.999750, Best Accuracy: 0.999750
********************************************************************************
********************************************************************************
Accuracy: 0.922000, Best Accuracy: 0.934000
********************************************************************************
********************************************************************************
Accuracy: 0.916000, Best Accuracy: 0.925000
********************************************************************************
********************************************************************************
Epoch 16 Complete: Time Taken 5
128320 :  0.000791807298083
128640 :  0.000340377143584
128960 :  0.000163285134477
129280 :  0.000124934362248
129600 :  0.000756445090519
129920 :  9.16155418963e-05
130240 :  0.000142864248483
130560 :  3.27012268826e-05
130880 :  0.000235594576225
131200 :  0.000260025367606
131520 :  0.000784875079989
131840 :  0.000110042700544
132160 :  0.000165700237267
132480 :  0.000233230830054
132800 :  0.000251623528311
133120 :  0.000297138490714
133440 :  0.000194817285228
133760 :  0.000118332823331
134080 :  6.31734030321e-05
134400 :  9.1417634394e-05
134720 :  0.000304168090224
135040 :  0.000120918278117
135360 :  0.000347357650753
135680 :  7.52418680349e-05
136000 :  0.000591259077191
********************************************************************************
Accuracy: 0.999750, Best Accuracy: 0.999750
********************************************************************************
********************************************************************************
Accuracy: 0.917000, Best Accuracy: 0.934000
********************************************************************************
********************************************************************************
Accuracy: 0.916000, Best Accuracy: 0.925000
********************************************************************************
********************************************************************************
Epoch 17 Complete: Time Taken 4
136320 :  3.78014185117e-05
136640 :  2.02542869374e-05
136960 :  4.1268649511e-05
137280 :  0.000178593909368
137600 :  0.000201891578035
137920 :  0.00133046822157
138240 :  0.000102751579834
138560 :  2.08620214835e-05
138880 :  2.73794867098e-05
139200 :  4.18308598455e-05
139520 :  3.9280555211e-05
139840 :  2.38278647885e-05
140160 :  0.000607174099423
140480 :  0.000413577898871
140800 :  0.000135669403244
141120 :  0.000113979098387
141440 :  6.64731371216e-05
141760 :  5.85632398725e-05
142080 :  3.75728588551e-05
142400 :  3.246658016e-05
142720 :  1.55446818098e-05
143040 :  0.000238962593721
143360 :  0.000784727407154
143680 :  0.000267210230231
144000 :  0.000180557108251
********************************************************************************
Accuracy: 0.999875, Best Accuracy: 0.999875
********************************************************************************
********************************************************************************
Accuracy: 0.920000, Best Accuracy: 0.934000
********************************************************************************
********************************************************************************
Accuracy: 0.914000, Best Accuracy: 0.925000
********************************************************************************
********************************************************************************
Epoch 18 Complete: Time Taken 4
144320 :  4.58656344563e-05
144640 :  0.000161989941262
144960 :  0.000506748358021
145280 :  4.57141315565e-05
145600 :  4.28176717833e-05
145920 :  9.04774409719e-05
146240 :  0.000125640904298
146560 :  0.00085984346224
146880 :  6.25946384389e-05
147200 :  0.000106426342973
147520 :  0.000140971876681
147840 :  0.0005516363075
148160 :  3.92650719732e-05
148480 :  6.83912308887e-05
148800 :  0.000119533890393
149120 :  3.80006735213e-05
149440 :  0.000100430269958
149760 :  9.04446002096e-05
150080 :  0.000447448121849
150400 :  0.000164485751884
150720 :  7.41258612834e-05
151040 :  0.000114048927207
151360 :  0.000325758539839
151680 :  0.00076566360658
152000 :  8.5461861454e-05
********************************************************************************
Accuracy: 1.000000, Best Accuracy: 1.000000
********************************************************************************
********************************************************************************
Accuracy: 0.914000, Best Accuracy: 0.934000
********************************************************************************
********************************************************************************
Accuracy: 0.912000, Best Accuracy: 0.925000
********************************************************************************
********************************************************************************
Epoch 19 Complete: Time Taken 4
152320 :  4.46627731435e-05
152640 :  0.000168651761487
152960 :  2.90811760351e-05
153280 :  5.43378526345e-05
153600 :  0.000219949893653
153920 :  0.000268268602667
154240 :  0.000314016663469
154560 :  0.000183357961942
154880 :  6.03110529482e-05
155200 :  4.38819639385e-05
155520 :  0.000391630700324
155840 :  3.18203587085e-05
156160 :  0.000383290270111
156480 :  0.00014115544036
156800 :  0.000164483708795
157120 :  0.0011165678734
157440 :  0.0002163411933
157760 :  0.000240480125649
158080 :  4.66791680083e-05
158400 :  0.00122189245885
158720 :  4.35670139268e-05
159040 :  0.000887758634053
159360 :  0.00028848098591
159680 :  0.000547509785974
160000 :  0.00107928417856
********************************************************************************
Accuracy: 0.999125, Best Accuracy: 1.000000
********************************************************************************
********************************************************************************
Accuracy: 0.916000, Best Accuracy: 0.934000
********************************************************************************
********************************************************************************
Accuracy: 0.914000, Best Accuracy: 0.925000
********************************************************************************
********************************************************************************
Epoch 20 Complete: Time Taken 4
